ncsim(64) 14.10-s005
Linux 2.6.32-431.el6.x86_64 #1 SMP Fri Nov 22 03:15:09 UTC 2013 x86_64
CPU cores: 24
Limit information:
======================================
cputime			unlimited
filesize		unlimited
datasize		unlimited
stacksize		10240 kbytes
coredumpsize	0 kbytes
memoryuse		unlimited
vmemoryuse		unlimited
descriptors		4096
memorylocked	64 kbytes
maxproc			1024
======================================
(Special)Runtime environment variables:

Runtime environment variables:
LC_PAPER=lzh_TW
LC_ADDRESS=lzh_TW
HOSTNAME=ideal125
LC_MONETARY=lzh_TW
SELINUX_ROLE_REQUESTED=
TERM=xterm-256color
SHELL=/bin/sh
HISTSIZE=1000
SSH_CLIENT=140.116.245.116 43426 22
SELINUX_USE_CURRENT_RANGE=
LC_NUMERIC=lzh_TW
QTDIR=/usr/lib64/qt-3.3
QTINC=/usr/lib64/qt-3.3/include
SSH_TTY=/dev/pts/5
USER=hsieh
LS_COLORS=rs=0:di=38;5;27:ln=38;5;51:mh=44;38;5;15:pi=40;38;5;11:so=38;5;13:do=38;5;5:bd=48;5;232;38;5;11:cd=48;5;232;38;5;3:or=48;5;232;38;5;9:mi=05;48;5;232;38;5;15:su=48;5;196;38;5;15:sg=48;5;11;38;5;16:ca=48;5;196;38;5;226:tw=48;5;10;38;5;16:ow=48;5;10;38;5;21:st=48;5;21;38;5;15:ex=38;5;34:*.tar=38;5;9:*.tgz=38;5;9:*.arj=38;5;9:*.taz=38;5;9:*.lzh=38;5;9:*.lzma=38;5;9:*.tlz=38;5;9:*.txz=38;5;9:*.zip=38;5;9:*.z=38;5;9:*.Z=38;5;9:*.dz=38;5;9:*.gz=38;5;9:*.lz=38;5;9:*.xz=38;5;9:*.bz2=38;5;9:*.tbz=38;5;9:*.tbz2=38;5;9:*.bz=38;5;9:*.tz=38;5;9:*.deb=38;5;9:*.rpm=38;5;9:*.jar=38;5;9:*.rar=38;5;9:*.ace=38;5;9:*.zoo=38;5;9:*.cpio=38;5;9:*.7z=38;5;9:*.rz=38;5;9:*.jpg=38;5;13:*.jpeg=38;5;13:*.gif=38;5;13:*.bmp=38;5;13:*.pbm=38;5;13:*.pgm=38;5;13:*.ppm=38;5;13:*.tga=38;5;13:*.xbm=38;5;13:*.xpm=38;5;13:*.tif=38;5;13:*.tiff=38;5;13:*.png=38;5;13:*.svg=38;5;13:*.svgz=38;5;13:*.mng=38;5;13:*.pcx=38;5;13:*.mov=38;5;13:*.mpg=38;5;13:*.mpeg=38;5;13:*.m2v=38;5;13:*.mkv=38;5;13:*.ogm=38;5;13:*.mp4=38;5;13:*.m4v=38;5;13:*.mp4v=38;5;13:*.vob=38;5;13:*.qt=38;5;13:*.nuv=38;5;13:*.wmv=38;5;13:*.asf=38;5;13:*.rm=38;5;13:*.rmvb=38;5;13:*.flc=38;5;13:*.avi=38;5;13:*.fli=38;5;13:*.flv=38;5;13:*.gl=38;5;13:*.dl=38;5;13:*.xcf=38;5;13:*.xwd=38;5;13:*.yuv=38;5;13:*.cgm=38;5;13:*.emf=38;5;13:*.axv=38;5;13:*.anx=38;5;13:*.ogv=38;5;13:*.ogx=38;5;13:*.aac=38;5;45:*.au=38;5;45:*.flac=38;5;45:*.mid=38;5;45:*.midi=38;5;45:*.mka=38;5;45:*.mp3=38;5;45:*.mpc=38;5;45:*.ogg=38;5;45:*.ra=38;5;45:*.wav=38;5;45:*.axa=38;5;45:*.oga=38;5;45:*.spx=38;5;45:*.xspf=38;5;45:
LC_TELEPHONE=lzh_TW
MAIL=/var/spool/mail/hsieh
PATH=/usr/cad/cadence/INCISIV/cur/tools/bin/64bit:/usr/cad/cadence/INCISIV/cur/tools/bin/64bit:/usr/cad/cadence/INCISIV/cur/tools/bin/64bit:/usr/bin/X11:/usr/cad/synopsys/primetime/cur/amd64/syn/bin:/home/nfs_cad/synopsys/vcs/cur/bin:/home/nfs_cad/synopsys/vcs/cur/linux/bin:/home/nfs_cad/synopsys/vcs/cur/linux/util:/home/nfs_cad/synopsys/vcs/cur/linux/flexlm:/usr/cad/cadence/INNOVUS/cur/tools/celtic/bin:/usr/cad/cadence/INNOVUS/cur/tools/plato/bin:/usr/cad/cadence/INNOVUS/cur/tools/dfII/bin:/usr/cad/cadence/INNOVUS/cur/tools/bin:/usr/cad/cadence/INNOVUS/cur//tools/tlfUtil/bin:/usr/cad/cadence/JASPER/cur/bin:/home/nfs_cad/mentor/calibre/cur/bin:/home/nfs_cad/synopsys/adp/cur/bin:/home/nfs_cad/synopsys/laker/cur/bin:/home/nfs_cad/synopsys/icc/cur/amd64/syn/bin:/usr/bin/X11:/home/nfs_cad/synopsys/synthesis/cur/amd64/syn/bin:/home/nfs_cad/synopsys/verdi/cur/bin:/home/nfs_cad/synopsys/verdi/cur/nLint/bin:/usr/cad/cadence/INCISIV/cur/tools/bin:/usr/cad/cadence/INCISIV/cur/tools/vtools/vfault/bin:/usr/cad/cadence/INCISIV/cur/tools/dfII/bin:/home/nfs_cad/mentor/modelsim/10.2/modeltech/bin:/usr/lib64/qt-3.3/bin:/usr/local/bin:/bin:/usr/bin:/usr/local/sbin:/usr/sbin:/sbin
LC_IDENTIFICATION=lzh_TW
PWD=/home/hsieh/DLIC/hw1/src
LANG=en_US.UTF-8
LC_MEASUREMENT=lzh_TW
SELINUX_LEVEL_REQUESTED=
SSH_ASKPASS=/usr/libexec/openssh/gnome-ssh-askpass
HISTCONTROL=ignoredups
SHLVL=2
HOME=/home/hsieh
LANGUAGE=en_US.UTF-8
LOGNAME=hsieh
QTLIB=/usr/lib64/qt-3.3/lib
CVS_RSH=ssh
SSH_CONNECTION=140.116.245.116 43426 140.116.245.125 22
LESSOPEN=|/usr/bin/lesspipe.sh %s
DISPLAY=localhost:17.0
LC_TIME=lzh_TW
G_BROKEN_FILENAMES=1
LC_NAME=lzh_TW
_=/bin/tcsh
HOSTTYPE=x86_64-linux
VENDOR=unknown
OSTYPE=linux
MACHTYPE=x86_64
GROUP=users
HOST=ideal125
REMOTEHOST=140.116.245.116
LM_LICENSE_FILE=26585@lsnchu:1717@lsncku:5280@lscic:5280@lsnctu:5280@lsncu
MTI_VCO_MODE=64
MGC_HOME=/home/nfs_cad/mentor/calibre/cur
MGC_TMPDIR=/tmp
MGC_LOCATION_MAP=NO_MAP
LD_LIBRARY_PATH=:/usr/cad/cadence/INNOVUS/cur//tools/tlfUtil/lib:/home/nfs_cad/synopsys/verdi/cur/share/PLI/IUS/LINUX64/:/usr/cad/cadence/INCISIV/cur/tools/lib/64bit:/usr/cad/cadence/INCISIV/cur/tools/lib:/usr/cad/cadence/INCISIV/cur/tools/vtools/vfault/lib:/usr/openwin/lib:/usr/dt/lib:/usr/lib:/usr/local/lib
SHLIB_PATH=/home/nfs_cad/synopsys/verdi/cur/share/PLI/IUS/LINUX64
SYNTHESIS=/home/nfs_cad/synopsys/synthesis/cur
SYNOPSYS=/home/nfs_cad/synopsys/icc/cur
SYN_MAN_DIR=/home/nfs_cad/synopsys/synthesis/cur/doc/syn/man
MANPATH=/home/nfs_cad/synopsys/synthesis/cur/doc/syn/man
Laker_TCL_L3=1
Laker_TCL_ToolBox=1
ENCOUNTER=/usr/cad/cadence/INNOVUS/cur/tools/fe
OA_HOME=/usr/cad/cadence/INNOVUS/cur/oa
VCS_HOME=/home/nfs_cad/synopsys/vcs/cur
VCS_CC=gcc
PRIMETIME=/usr/cad/synopsys/primetime/cur
_IRUNROOT_=/usr/cad/cadence/INCISIV/cur/tools
CDS_ARCH=lnx86
NCRUNMODE=ncverilog:./INCA_libs/irun.lnx8664.14.10.nc
IRUNBATCH=FALSE
IMPERAS_PORT_FILE=.vsp_ovp_gdb_port
TCL_LIBRARY=/usr/cad/cadence/INCISIV/cur/tools/inca/files/tcl/library
Runtime command line arguments:
argv[0]=ncverilog
argv[1]=-f
argv[2]=pre2.f
argv[3]=booth_tb.v
argv[4]=booth2.v
argv[5]=+access+r
argv[6]=+nc64bit
97 profile - 100
          CPU/Mem usage: 0.050 sys,  0.040 user,  191.48M sys,  0.00M vm
98 VC callback profile - scalar:0 vector:0
99 Fri Sep 25 17:01:10 2020
100 pliAppInit
101 FSDB_GATE is disabled.
102 Enable Parallel Dumping.
103 pliAppMiscSet: New Sim Round
104 pliEntryInit
105 LIBSSCORE=found /home/nfs_cad/synopsys/verdi/cur/share/PLI/IUS/LINUX64/libsscore_ius141.so through $LD_LIBRARY_PATH setting.
106 argv[0]: booth.fsdb2
107 argv[0]: +struct
108 argv[1]: +mda
109 FSDB Dumper for IUS, Release Verdi_O-2018.09, Linux x86_64/64bit, 08/30/2018
110 (C) 1996 - 2018 by Synopsys, Inc.
111 sps_call_fsdbDumpfile at 0 : /home/hsieh/DLIC/hw1/src/booth_tb.v(19)
112 argv[0]: booth.fsdb2
113 *Verdi* : Create FSDB file 'booth.fsdb2.fsdb'
114 sps_call_fsdbDumpvars at 0 : /home/hsieh/DLIC/hw1/src/booth_tb.v(20)
115 argv[0]: +struct
116 argv[1]: +mda
117 *Verdi* : Begin traversing the scopes, layer (0).
118 *Verdi* : Enable +struct and +mda dumping.
119 *Verdi* : End of traversing.
120 fsdbDumpvars traverse var: profile - 
          CPU/Mem usage: 0.070 sys,  0.050 user,  287.69M sys,  0.00M vm
                   incr: 0.000 sys,  0.000 user,  4.65M sys,  0.00M vm
                   accu: 0.000 sys,  0.000 user,  4.65M sys,  0.00M vm
              accu incr: 0.000 sys,  0.000 user,  4.65M sys,  0.00M vm

          Count usage: 14 var,  13 idcode,  13 callback
                 incr: 14 var,  13 idcode,  13 callback
                 accu: 14 var,  13 idcode,  13 callback
            accu incr: 14 var,  13 idcode,  13 callback
121 VC callback profile - scalar:0 vector:0
122 Fri Sep 25 17:01:10 2020
123 fsdbDumpvars: profile - 
          CPU/Mem usage: 0.070 sys,  0.050 user,  288.74M sys,  0.00M vm
                   incr: 0.000 sys,  0.000 user,  1.05M sys,  0.00M vm
                   accu: 0.000 sys,  0.000 user,  5.71M sys,  0.00M vm
              accu incr: 0.000 sys,  0.000 user,  1.05M sys,  0.00M vm

          Count usage: 14 var,  13 idcode,  13 callback
                 incr: 0 var,  0 idcode,  0 callback
                 accu: 14 var,  13 idcode,  13 callback
            accu incr: 0 var,  0 idcode,  0 callback
124 VC callback profile - scalar:0 vector:13
125 Fri Sep 25 17:01:10 2020
126 End of simulation at 2017000
127 VC callback profile - scalar:0 vector:60619
128 Fri Sep 25 17:18:31 2020
129 Begin FSDB profile info:
130 FSDB Writer : bc1(0) bcn(60619) mtf/stf(0/0)
FSDB Writer elapsed time : flush(0.115040) io wait(0.000000) theadpool wait(0.000000) target functin(0.000000)
FSDB Writer cpu time : MT Compression : 0
131 End FSDB profile info
132 Parallel profile    -  Flush:3 Expand:0 ProduceWait:0 ConsumerWait:0 BlockUsed:0
133                        ProduceTime:0.265493209 ConsumerTime:0.000000000 Buffer:64MB
134 SimExit
135 Sim process exit
